<?xml version="1.0" encoding="UTF-8"?>
<testng-results ignored="0" total="1" passed="1" failed="0" skipped="0">
  <reporter-output>
  </reporter-output>
  <suite started-at="2022-05-20T08:40:02 ART" name="Default suite" finished-at="2022-05-20T08:40:18 ART" duration-ms="16186">
    <groups>
    </groups>
    <test started-at="2022-05-20T08:40:02 ART" name="Default test" finished-at="2022-05-20T08:40:18 ART" duration-ms="16186">
      <class name="PrimeraPruebaWikipedia">
        <test-method signature="ValidarArticuloOliveira()[pri:0, instance:PrimeraPruebaWikipedia@54a7079e]" started-at="2022-05-20T08:40:02 ART" name="ValidarArticuloOliveira" description="Validar el articulo del caso oliveira" finished-at="2022-05-20T08:40:18 ART" duration-ms="16104" status="PASS">
          <reporter-output>
          </reporter-output>
        </test-method> <!-- ValidarArticuloOliveira -->
      </class> <!-- PrimeraPruebaWikipedia -->
    </test> <!-- Default test -->
  </suite> <!-- Default suite -->
</testng-results>
